c:\users\admin\documents\github\dx11\framework\&(solutiondir)debug_framework\context.obj
c:\users\admin\documents\github\dx11\framework\&(solutiondir)debug_framework\orthographic.obj
c:\users\admin\documents\github\dx11\framework\&(solutiondir)debug_framework\keyboard.obj
c:\users\admin\documents\github\dx11\framework\&(solutiondir)debug_framework\shader.obj
c:\users\admin\documents\github\dx11\framework\&(solutiondir)debug_framework\window.obj
c:\users\admin\documents\github\dx11\framework\&(solutiondir)debug_framework\viewport.obj
c:\users\admin\documents\github\dx11\framework\&(solutiondir)debug_framework\time.obj
c:\users\admin\documents\github\dx11\framework\&(solutiondir)debug_framework\string.obj
c:\users\admin\documents\github\dx11\framework\&(solutiondir)debug_framework\binaryfile.obj
c:\users\admin\documents\github\dx11\framework\&(solutiondir)debug_framework\perspective.obj
c:\users\admin\documents\github\dx11\framework\&(solutiondir)debug_framework\mouse.obj
c:\users\admin\documents\github\dx11\framework\&(solutiondir)debug_framework\projection.obj
c:\users\admin\documents\github\dx11\framework\&(solutiondir)debug_framework\path.obj
c:\users\admin\documents\github\dx11\framework\&(solutiondir)debug_framework\gui.obj
c:\users\admin\documents\github\dx11\framework\&(solutiondir)debug_framework\texture.obj
c:\users\admin\documents\github\dx11\framework\&(solutiondir)debug_framework\d3d.obj
c:\users\admin\documents\github\dx11\framework\&(solutiondir)debug_framework\math.obj
c:\users\admin\documents\github\dx11\framework\&(solutiondir)debug_framework\xml.obj
c:\users\admin\documents\github\dx11\framework\&(solutiondir)debug_framework\framework.pdb
c:\users\admin\documents\github\dx11\framework\&(solutiondir)debug_framework\framework.idb
c:\users\admin\documents\github\dx11\debug\framework.lib
c:\users\admin\documents\github\dx11\debug\framework.pdb
c:\users\admin\documents\github\dx11\framework\&(solutiondir)debug_framework\framework.tlog\cl.command.1.tlog
c:\users\admin\documents\github\dx11\framework\&(solutiondir)debug_framework\framework.tlog\cl.read.1.tlog
c:\users\admin\documents\github\dx11\framework\&(solutiondir)debug_framework\framework.tlog\cl.write.1.tlog
c:\users\admin\documents\github\dx11\framework\&(solutiondir)debug_framework\framework.tlog\lib-link.read.1.tlog
c:\users\admin\documents\github\dx11\framework\&(solutiondir)debug_framework\framework.tlog\lib-link.write.1.tlog
c:\users\admin\documents\github\dx11\framework\&(solutiondir)debug_framework\framework.tlog\lib.command.1.tlog
